0 info it worked if it ends with ok
1 verbose cli [ '/usr/bin/node', '/bin/npm', 'install', 'package.json' ]
2 info using npm@3.9.5
3 info using node@v4.2.6
4 silly loadCurrentTree Starting
5 silly install loadCurrentTree
6 silly install readLocalPackageData
7 silly fetchPackageMetaData package.json
8 silly fetchOtherPackageData package.json
9 silly cache add args [ 'package.json', null ]
10 verbose cache add spec package.json
11 silly cache add parsed spec Result {
11 silly cache add   raw: 'package.json',
11 silly cache add   scope: null,
11 silly cache add   name: null,
11 silly cache add   rawSpec: 'package.json',
11 silly cache add   spec: '/var/www/html/arteycultura/package.json',
11 silly cache add   type: 'local' }
12 silly addLocalTarball shasum (computed) 55a58b1e5e01d34c847d834c361c6fe8607f72e0
13 verbose addTmpTarball /var/www/html/arteycultura/package.json not in flight; adding
14 verbose correctMkdir /root/.npm correctMkdir not in flight; initializing
15 verbose addTmpTarball validating metadata from /var/www/html/arteycultura/package.json
16 verbose tar unpack /var/www/html/arteycultura/package.json
17 verbose tar unpacking to /tmp/npm-10451-19e0813d/unpack-a4902a16
18 silly gentlyRm /tmp/npm-10451-19e0813d/unpack-a4902a16 is being purged
19 verbose gentlyRm don't care about contents; nuking /tmp/npm-10451-19e0813d/unpack-a4902a16
20 silly gunzTarPerm modes [ '755', '644' ]
21 error not a package /var/www/html/arteycultura/package.json
22 error addLocal Could not install /var/www/html/arteycultura/package.json
23 silly fetchPackageMetaData Error: ENOENT: no such file or directory, open '/tmp/npm-10451-19e0813d/unpack-a4902a16/package.json'
23 silly fetchPackageMetaData     at Error (native)
23 silly fetchPackageMetaData  error for package.json { [Error: ENOENT: no such file or directory, open '/tmp/npm-10451-19e0813d/unpack-a4902a16/package.json']
23 silly fetchPackageMetaData   errno: -2,
23 silly fetchPackageMetaData   code: 'ENOENT',
23 silly fetchPackageMetaData   syscall: 'open',
23 silly fetchPackageMetaData   path: '/tmp/npm-10451-19e0813d/unpack-a4902a16/package.json' }
24 silly rollbackFailedOptional Starting
25 silly rollbackFailedOptional Finishing
26 silly runTopLevelLifecycles Starting
27 silly runTopLevelLifecycles Finishing
28 silly install printInstalled
29 verbose stack Error: ENOENT: no such file or directory, open '/tmp/npm-10451-19e0813d/unpack-a4902a16/package.json'
29 verbose stack     at Error (native)
30 verbose cwd /var/www/html/arteycultura
31 error Linux 4.1.13-100.fc21.x86_64
32 error argv "/usr/bin/node" "/bin/npm" "install" "package.json"
33 error node v4.2.6
34 error npm  v3.9.5
35 error path /tmp/npm-10451-19e0813d/unpack-a4902a16/package.json
36 error code ENOENT
37 error errno -2
38 error syscall open
39 error enoent ENOENT: no such file or directory, open '/tmp/npm-10451-19e0813d/unpack-a4902a16/package.json'
40 error enoent ENOENT: no such file or directory, open '/tmp/npm-10451-19e0813d/unpack-a4902a16/package.json'
40 error enoent This is most likely not a problem with npm itself
40 error enoent and is related to npm not being able to find a file.
41 verbose exit [ -2, true ]
